<?xml version="1.0" encoding="UTF-8"?>
<!-- Generated by org.testng.reporters.JUnitReportReporter -->
<testsuite hostname="DESKTOP-M37QCJA" failures="0" tests="1" name="tests.smokeTest" time="18.817" errors="0" timestamp="2023-02-11T20:15:23 EST" skipped="0">
  <testcase classname="tests.smokeTest" name="Test_001" time="18.817"/>
  <system-out/>
</testsuite> <!-- tests.smokeTest -->
